2024-03-25 10:01:08 PrintAll Success aDiscName,9
bDiscName,9
DiscName,14
DiscNawwme,5 
2024-03-25 10:05:00 Search Success
2024-03-25 10:05:24 PrintAll Success aDiscName,9
bDiscName,9
DiscName,14
DiscNawwme,5 
2024-03-25 10:05:32 Search Failure
2024-03-25 10:12:06 Search Failure
2024-03-25 10:12:28 Search Failure
2024-03-25 10:16:26 Search Failure
2024-03-25 10:18:12 Search Failure
2024-03-25 10:19:22 Search Failure
2024-03-25 10:20:10 Search Failure
2024-03-25 10:21:29 Search Failure
2024-03-25 10:22:43 Search Failure
2024-03-25 10:23:13 Search Failure
2024-03-25 10:23:50 Search Failure
2024-03-25 10:24:05 Search Failure
2024-03-25 10:25:12 Search Failure
2024-03-25 10:25:23 Search Failure
2024-03-25 10:29:30 Search Success
2024-03-25 10:46:15 PrintAmount Success 
2024-03-25 10:47:24 PrintAmount Failure
2024-03-25 10:51:16 PrintAmount Failure
2024-03-25 10:52:06 PrintAmount Failure
2024-03-25 10:53:21 PrintAmount Failure
2024-03-25 10:54:38 PrintAmount Failure
2024-03-25 10:57:43 PrintAmount Success 
2024-03-25 10:58:37 PrintAmount Success 37
2024-03-25 11:00:06 PrintAmount Failure
2024-03-25 11:00:32 Search Failure
2024-03-25 11:02:59 Search Failure
2024-03-25 11:08:19 UpdateAmount Success
2024-03-25 11:10:47 UpdateAmount Success
2024-03-25 11:12:37 UpdateAmount Failure
2024-03-25 11:29:38 UpdateName Failure
2024-03-25 11:30:37 UpdateName Failure
2024-03-25 11:31:15 UpdateName Failure
2024-03-25 11:31:28 UpdateName Failure
2024-03-25 11:32:08 UpdateName Failure
2024-03-25 11:46:25 UpdateName Failure
2024-03-25 11:50:16 UpdateName Failure
2024-03-25 11:52:47 UpdateName Failure
2024-03-25 11:55:37 UpdateName Failure
2024-03-25 11:55:51 UpdateName Failure
2024-03-25 11:55:56 UpdateName Failure
2024-03-25 11:56:51 UpdateName Failure
2024-03-25 11:56:55 UpdateName Failure
2024-03-25 11:57:01 UpdateName Failure
2024-03-25 11:58:10 UpdateName Failure
2024-03-25 11:59:39 UpdateName Failure
2024-03-25 12:00:11 UpdateName Failure
2024-03-25 12:00:50 UpdateName Failure
2024-03-25 12:02:32 UpdateName Failure
2024-03-25 12:04:08 UpdateName Failure
2024-03-25 12:04:14 UpdateName Failure
2024-03-25 12:04:18 UpdateName Failure
2024-03-25 12:04:36 UpdateName Failure
2024-03-25 12:05:09 UpdateName Failure
2024-03-25 12:06:36 UpdateName Failure
2024-03-25 12:07:28 UpdateName Failure
2024-03-25 12:08:04 UpdateName Failure
2024-03-25 12:20:08 UpdateName Failure
2024-03-25 12:20:22 UpdateName Failure
2024-03-25 12:20:32 Search Failure
2024-03-25 12:20:49 Search Failure
2024-03-25 12:20:49 UpdateName Failure
2024-03-25 12:20:49 Search Failure
2024-03-25 12:20:49 UpdateName Failure
2024-03-25 12:20:49 Search Failure
2024-03-25 12:20:49 UpdateName Failure
2024-03-25 12:20:49 Search Failure
2024-03-25 12:20:49 UpdateName Failure
2024-03-25 12:24:55 UpdateName Failure
2024-03-25 12:25:00 Search Failure
2024-03-25 12:25:05 UpdateName Failure
2024-03-25 12:25:11 UpdateName Failure
2024-03-25 12:25:22 Search Failure
2024-03-25 12:25:22 UpdateName Failure
2024-03-25 12:25:22 Search Failure
2024-03-25 12:25:22 UpdateName Failure
2024-03-25 12:25:22 Search Failure
2024-03-25 12:25:22 UpdateName Failure
2024-03-25 12:25:22 Search Failure
2024-03-25 12:25:22 UpdateName Failure
2024-03-25 12:25:22 Search Failure
2024-03-25 12:25:22 UpdateName Failure
2024-03-25 12:29:29 Search Failure
2024-03-25 12:29:29 UpdateName Failure
2024-03-25 12:30:05 Search Failure
2024-03-25 12:30:11 UpdateName Failure
2024-03-25 12:30:17 Search Failure
2024-03-25 12:30:17 UpdateName Failure
2024-03-25 12:30:17 Search Failure
2024-03-25 12:30:17 UpdateName Failure
2024-03-25 12:30:17 Search Failure
2024-03-25 12:30:17 UpdateName Failure
2024-03-25 12:33:34 Search Failure
2024-03-25 12:33:50 Search Success
2024-03-25 12:33:50 UpdateName Failure
2024-03-25 12:36:03 Search Success
2024-03-25 12:36:03 UpdateName Failure
2024-03-25 12:38:52 Search Failure
2024-03-25 12:39:56 Search Failure
2024-03-25 12:40:04 Search Success
2024-03-25 12:40:04 UpdateName Failure
2024-03-25 12:45:11 Search Failure
2024-03-25 12:46:24 Search Failure
2024-03-25 12:47:00 Search Failure
2024-03-25 12:47:15 Search Failure
2024-03-25 12:47:58 Search Failure
2024-03-25 12:48:51 Search Success
2024-03-25 12:49:17 Search Success
2024-03-25 13:13:49 PrintAll Success aeljacName,9
bDiscName,9
DiscName,14
DiscNawwme,5
LA,7 
2024-03-25 13:14:03 PrintAmount Success 44
2024-03-25 13:14:13 Search Failure
2024-03-25 13:14:19 UpdateName Failure
2024-03-25 13:14:24 UpdateName Failure
2024-03-25 13:14:31 UpdateName Failure
2024-03-25 13:16:18 UpdateName Failure
2024-03-25 13:19:36 UpdateName Failure
2024-03-25 13:19:57 UpdateName Failure
2024-03-25 13:22:08 UpdateName Failure
2024-03-25 13:28:32 UpdateName Failure
2024-03-25 13:30:36 UpdateName Failure
2024-03-25 13:34:03 UpdateName Failure
2024-03-25 13:34:41 UpdateName Failure
2024-03-25 13:37:14 UpdateName Failure
2024-03-25 13:37:31 UpdateName Failure
2024-03-25 13:38:39 UpdateName Failure
2024-03-25 13:38:44 UpdateName Failure
2024-03-25 13:42:15 UpdateName Failure
2024-03-25 13:45:34 UpdateName Failure
2024-03-25 13:46:08 UpdateName Failure
2024-03-25 13:47:02 UpdateName Failure
2024-03-25 14:03:04 UpdateName Failure
2024-03-25 14:04:05 UpdateName Failure
2024-03-25 14:04:23 UpdateName Failure
2024-03-25 14:04:55 UpdateName Failure
2024-03-25 14:05:06 UpdateName Failure
2024-03-25 14:06:10 UpdateName Failure
2024-03-25 14:13:01 UpdateName Failure
2024-03-25 14:17:56 UpdateName Failure
2024-03-25 14:25:32 UpdateName Failure
2024-03-25 14:25:39 UpdateName Failure
2024-03-25 14:49:32 UpdateName Failure
2024-03-25 14:50:31 UpdateName Success
2024-03-25 14:56:16 UpdateName Success
2024-03-25 15:06:35 UpdateName Success
2024-03-25 15:11:55 UpdateName Failure
2024-03-25 15:24:45 UpdateName Failure
2024-03-25 16:17:25 UpdateName Failure
2024-03-25 16:17:51 UpdateName Failure
2024-03-25 16:19:42 UpdateName Failure
2024-03-25 16:19:59 UpdateName Failure
2024-03-25 16:20:07 UpdateName Failure
2024-03-25 16:20:07 UpdateName Failure
2024-03-25 16:21:26 UpdateName Failure
2024-03-25 16:23:01 UpdateName Failure
2024-03-25 16:23:40 UpdateName Failure
2024-03-25 16:24:29 UpdateName Failure
2024-03-25 16:25:31 UpdateName Failure
2024-03-25 16:27:00 UpdateName Failure
2024-03-25 16:28:17 UpdateName Failure
2024-03-25 16:37:03 UpdateName Failure
2024-03-25 16:37:55 UpdateName Failure
2024-03-25 16:39:23 UpdateName Failure
2024-03-25 16:40:23 UpdateName Success
2024-03-25 16:41:25 UpdateName Failure
2024-03-25 16:42:12 UpdateName Failure
2024-03-25 16:42:57 UpdateName Failure
2024-03-25 16:45:49 UpdateName Failure
2024-03-25 16:46:18 UpdateName Failure
2024-03-25 16:46:51 UpdateName Failure
2024-03-25 16:55:41 UpdateName Failure
2024-03-25 16:57:21 UpdateName Failure
2024-03-25 17:01:10 UpdateName Failure
2024-03-25 17:01:58 UpdateName Failure
2024-03-25 17:04:59 UpdateName Failure
2024-03-25 17:06:24 UpdateName Failure
2024-03-25 17:06:51 UpdateName Failure
2024-03-25 17:07:44 UpdateName Failure
2024-03-25 17:08:05 UpdateName Failure
2024-03-25 17:08:15 UpdateName Failure
2024-03-25 17:34:46 UpdateName Failure
2024-03-25 17:35:37 UpdateName Failure
2024-03-25 17:36:13 UpdateName Failure
2024-03-25 17:39:07 UpdateName Failure
2024-03-25 18:03:22 UpdateName Failure
2024-03-25 18:05:06 UpdateName Failure
2024-03-25 18:06:19 UpdateName Failure
2024-03-25 18:40:25 UpdateName Failure
2024-03-25 18:41:15 UpdateName Failure
2024-03-25 18:42:59 UpdateName Failure
2024-03-25 18:44:29 UpdateName Failure
2024-03-25 18:45:01 UpdateName Failure
2024-03-25 18:46:35 UpdateName Failure
2024-03-25 18:47:58 UpdateName Failure
2024-03-25 18:48:45 UpdateName Failure
2024-03-25 18:49:13 UpdateName Failure
2024-03-25 18:49:34 UpdateName Failure
2024-03-25 18:50:05 UpdateName Failure
2024-03-25 18:51:00 UpdateName Failure
2024-03-25 18:51:47 UpdateName Failure
2024-03-25 18:52:38 UpdateName Failure
2024-03-25 18:52:48 UpdateName Failure
2024-03-25 18:55:43 UpdateName Failure
2024-03-25 18:56:29 UpdateName Failure
2024-03-25 18:56:43 UpdateName Failure
2024-03-25 19:00:17 UpdateName Success
2024-03-25 19:07:51 UpdateName Success
2024-03-25 19:08:50 UpdateName Failure
2024-03-25 19:09:29 UpdateName Success
2024-03-25 19:10:57 UpdateName Failure
2024-03-25 19:18:34 UpdateName Failure
2024-03-25 19:19:06 UpdateName Failure
2024-03-25 19:20:41 UpdateName Success
2024-03-25 19:23:08 UpdateName Success
2024-03-25 19:23:49 UpdateName Failure
2024-03-25 19:27:49 UpdateName Failure
2024-03-25 19:28:28 UpdateName Failure
2024-03-25 19:31:04 UpdateName Failure
2024-03-25 19:33:12 UpdateName Failure
2024-03-25 19:35:54 UpdateName Failure
2024-03-25 19:37:02 UpdateName Success
2024-03-25 19:37:59 UpdateName Failure
2024-03-25 19:38:18 UpdateName Failure
2024-03-25 19:39:05 UpdateName Success
2024-03-25 19:39:20 UpdateName Success
2024-03-25 19:47:02 Search Success
2024-03-25 19:47:48 Search Success
2024-03-25 19:50:34 Search Success
2024-03-25 19:51:50 Search Success
2024-03-25 19:53:00 Search Success
2024-03-25 19:55:31 Search Success
2024-03-25 19:59:27 UpdateName Failure
2024-03-25 19:59:39 Search Success
2024-03-25 20:00:28 Search Success
2024-03-25 20:01:22 Search Success
2024-03-25 20:02:16 Search Success
2024-03-25 20:03:02 Search Success
2024-03-25 20:05:02 Search Success
2024-03-25 20:07:04 Search Success
2024-03-25 20:07:42 Search Success
2024-03-25 20:08:57 Search Success
2024-03-25 20:09:35 Search Success
2024-03-25 20:16:18 Search Success
2024-03-25 20:21:04 Search Success
2024-03-25 20:25:08 Search Success
2024-03-25 20:26:04 Search Success
2024-03-25 20:33:19 Search Success
2024-03-25 20:52:37 UpdateName Failure
2024-03-25 20:54:32 UpdateName Success
2024-03-25 20:57:37 UpdateName Success
2024-03-25 21:00:27 UpdateName Failure
2024-03-25 21:01:50 UpdateName Success
2024-03-25 21:04:20 UpdateName Failure
2024-03-25 21:06:06 UpdateName Success
2024-03-25 21:06:52 UpdateName Failure
2024-03-25 21:07:12 UpdateName Failure
2024-03-25 21:07:34 UpdateName Success
2024-03-25 21:10:13 UpdateName Failure
2024-03-25 21:10:45 UpdateName Success
2024-03-25 21:12:09 UpdateName Failure
2024-03-25 21:12:39 UpdateName Success
2024-03-25 21:14:54 UpdateName Success
2024-03-25 21:15:42 UpdateName Success
2024-03-25 21:16:54 UpdateName Failure
2024-03-25 21:17:25 UpdateName Success
2024-03-25 21:20:12 UpdateName Failure
2024-03-25 21:20:35 UpdateName Success
2024-03-25 21:24:27 UpdateName Success
2024-03-25 21:26:47 UpdateName Failure
2024-03-25 21:26:57 UpdateName Success
2024-03-25 21:27:32 UpdateName Success
2024-03-25 21:30:16 UpdateName Success
2024-03-25 21:30:55 UpdateName Success
2024-03-25 21:35:11 Search Success
2024-03-25 21:36:31 Search Success
2024-03-25 21:37:57 Search Success
2024-03-25 21:38:50 Search Success
2024-03-25 21:46:35 Search Success
2024-03-25 21:47:47 Search Success
2024-03-25 21:48:51 Search Failure
2024-03-25 21:53:02 Search Failure
2024-03-25 21:56:46 Search Failure
2024-03-25 21:57:00 Search Failure
2024-03-25 21:57:41 Search Success
2024-03-25 22:00:48 Search Success
2024-03-25 22:01:37 Search Success
2024-03-25 22:04:35 Search Success
2024-03-25 22:07:24 PrintAmount Success 180
2024-03-25 22:07:58 Search Success
2024-03-25 22:09:09 Search Success
2024-03-25 22:09:32 Search Success
2024-03-25 22:09:51 Search Success
2024-03-25 23:16:43 UpdateAmount Success
2024-03-25 23:17:13 UpdateAmount Failure
2024-03-25 23:17:24 UpdateAmount Success
2024-03-25 23:17:40 UpdateAmount Success
2024-03-25 23:20:19 UpdateAmount Failure
2024-03-25 23:20:33 UpdateAmount Success
2024-03-25 23:20:55 UpdateAmount Success
2024-03-25 23:22:07 UpdateAmount Failure
2024-03-25 23:22:19 UpdateAmount Failure
2024-03-25 23:47:33 Insert Success
2024-03-25 23:48:13 Insert Success
2024-03-25 23:49:24 Insert Success
2024-03-25 23:49:53 Insert Success
2024-03-25 23:52:16 Insert Failure
2024-03-25 23:52:37 Insert Success
2024-03-25 23:56:26 Insert Failure
2024-03-26 00:15:01 Delete Failure
2024-03-26 01:48:02 Delete Failure
2024-03-26 01:48:23 Search Failure
2024-03-26 01:50:21 Search Failure
2024-03-26 01:59:06 Delete Success
2024-03-26 02:03:15 Delete Failure
2024-03-26 02:04:38 Delete Failure
2024-03-26 02:19:07 Delete Failure
2024-03-26 02:32:37 Delete Failure
2024-03-26 02:50:30 Delete Failure
2024-03-26 02:52:10 Delete Failure
2024-03-26 02:56:53 UpdateName Failure
2024-03-26 02:57:12 UpdateName Failure
2024-03-26 02:58:31 Delete Failure
2024-03-26 02:58:50 Delete Success
2024-03-26 03:00:15 Delete Failure
2024-03-26 03:00:33 Delete Success
2024-03-26 03:01:27 Delete Success
2024-03-26 03:03:56 Delete Failure
2024-03-26 03:04:19 Delete Failure
2024-03-26 07:54:59 Search Success
2024-03-26 07:57:56 Search Success
2024-03-26 08:23:38 Delete Failure
2024-03-26 08:23:49 Search Failure
2024-03-26 08:45:30 Delete Failure
2024-03-26 17:51:36 Search Success
2024-03-26 17:58:32 Search Success
2024-03-26 18:00:02 Search Success
2024-03-26 18:26:55 Search Failure
2024-03-26 18:27:07 PrintAll Success ayt,9
byet,7
drr,34
qw,90
rr,34
rr,50
we,100
y,79
yt,45
yy,50 
2024-03-26 18:27:24 PrintAll Success ayt,9
byet,7
drr,34
qw,90
rr,34
rr,50
we,100
y,79
yt,45
yy,50 
2024-03-26 18:27:38 PrintAll Success ayt,9
byet,7
drr,34
qw,90
rr,34
rr,50
we,100
y,79
yt,45
yy,50 
2024-03-26 18:30:57 PrintAll Success 0 
2024-03-26 18:31:56 PrintAll Success ayt,9
2024-03-26 18:33:19 PrintAll Success ayt,9
byet,7
drr,34
qw,90
rr,34
rr,50
we,100
y,79
yt,45
yy,50 
2024-03-26 18:35:43 PrintAll Success ayt,9 
2024-03-26 18:47:20 PrintAll Success ayt,9 
2024-03-26 18:47:20 PrintAll Success byet,7 
2024-03-26 18:47:20 PrintAll Success drr,34 
2024-03-26 18:47:20 PrintAll Success qw,90 
2024-03-26 18:47:20 PrintAll Success rr,34 
2024-03-26 18:47:20 PrintAll Success rr,50 
2024-03-26 18:47:20 PrintAll Success we,100 
2024-03-26 18:47:20 PrintAll Success y,79 
2024-03-26 18:47:20 PrintAll Success yt,45 
2024-03-26 18:47:20 PrintAll Success yy,50 
